#
# A fatal error has been detected by the Java Runtime Environment:
#
#  EXCEPTION_ACCESS_VIOLATION (0xc0000005) at pc=0x00000000677ed0d9, pid=11060, tid=21236
#
# JRE version: Java(TM) SE Runtime Environment (11.0.2+9) (build 11.0.2+9-LTS)
# Java VM: Java HotSpot(TM) 64-Bit Server VM (11.0.2+9-LTS, mixed mode, tiered, compressed oops, g1 gc, windows-amd64)
# Problematic frame:
# C  [sqlite-3.32.3-f3cdc010-9ed3-4437-929a-0a7f272e3c45-sqlitejdbc.dll+0x6d0d9]
#
# No core dump will be written. Minidumps are not enabled by default on client versions of Windows
#
# If you would like to submit a bug report, please visit:
#   http://bugreport.java.com/bugreport/crash.jsp
# The crash happened outside the Java Virtual Machine in native code.
# See problematic frame for where to report the bug.
#

---------------  S U M M A R Y ------------

Command Line: -Dorg.gradle.native=false -agentlib:jdwp=transport=dt_socket,server=n,suspend=y,address=53004 -Xmx512m -Dfile.encoding=windows-1252 -Duser.country=AT -Duser.language=de -Duser.variant -ea worker.org.gradle.process.internal.worker.GradleWorkerMain 'Gradle Test Executor 1'

Host: Intel(R) Core(TM) i7-8750H CPU @ 2.20GHz, 12 cores, 15G,  Windows 10 , 64 bit Build 18362 (10.0.18362.959)
Time: Sun Jul 19 19:53:09 2020 Mitteleuropäische Sommerzeit elapsed time: 95 seconds (0d 0h 1m 35s)

---------------  T H R E A D  ---------------

Current thread (0x000001c8471f6000):  JavaThread "Thread-6" [_thread_in_native, id=21236, stack(0x00000035b7600000,0x00000035b7700000)]

Stack: [0x00000035b7600000,0x00000035b7700000],  sp=0x00000035b76fe500,  free space=1017k
Native frames: (J=compiled Java code, j=interpreted, Vv=VM code, C=native code)
C  [sqlite-3.32.3-f3cdc010-9ed3-4437-929a-0a7f272e3c45-sqlitejdbc.dll+0x6d0d9]

Java frames: (J=compiled Java code, j=interpreted, Vv=VM code)
j  org.sqlite.core.NativeDB.step(J)I+0
j  org.sqlite.jdbc3.JDBC3ResultSet.next()Z+64
j  comp.imp.plugins.AbstractDatabaseConnection._for(Ljava/lang/String;Ljava/util/List;Ljava/util/function/Consumer;Ljava/util/function/Consumer;)V+152
j  comp.imp.plugins.AbstractDatabaseConnection._for(Ljava/lang/String;Ljava/util/function/Consumer;Ljava/util/function/Consumer;)V+5
j  comp.imp.plugins.AbstractDatabaseConnection._tablesSpace()Ljava/util/Map;+20
j  comp.imp.plugins.CRUD._find(Lcomp/IRequest;Lcomp/IResponse;)V+202
j  comp.imp.plugins.CRUD._save(Lcomp/IRequest;Lcomp/IResponse;)V+381
v  ~StubRoutines::call_stub
j  jdk.internal.reflect.NativeMethodAccessorImpl.invoke0(Ljava/lang/reflect/Method;Ljava/lang/Object;[Ljava/lang/Object;)Ljava/lang/Object;+0 java.base@11.0.2
j  jdk.internal.reflect.NativeMethodAccessorImpl.invoke(Ljava/lang/Object;[Ljava/lang/Object;)Ljava/lang/Object;+100 java.base@11.0.2
j  jdk.internal.reflect.DelegatingMethodAccessorImpl.invoke(Ljava/lang/Object;[Ljava/lang/Object;)Ljava/lang/Object;+6 java.base@11.0.2
j  java.lang.reflect.Method.invoke(Ljava/lang/Object;[Ljava/lang/Object;)Ljava/lang/Object;+59 java.base@11.0.2
j  comp.imp.plugins.CRUD.handle(Lcomp/IRequest;)Lcomp/IResponse;+276
j  core.ClientHandler.run()V+104
j  java.lang.Thread.run()V+11 java.base@11.0.2
v  ~StubRoutines::call_stub

siginfo: EXCEPTION_ACCESS_VIOLATION (0xc0000005), reading address 0x000001c848fd77c8


Register to memory mapping:

RIP=0x00000000677ed0d9 sqlite-3.32.3-f3cdc010-9ed3-4437-929a-0a7f272e3c45-sqlitejdbc.dll
RAX=0x00000000677828ce sqlite-3.32.3-f3cdc010-9ed3-4437-929a-0a7f272e3c45-sqlitejdbc.dll
RBX=0x000001c848fd77c8 points into unknown readable memory: 00 00 00 00 00 00 00 00
RCX=0x000001c848fd77c8 points into unknown readable memory: 00 00 00 00 00 00 00 00
RDX=0x000000006782afaf sqlite-3.32.3-f3cdc010-9ed3-4437-929a-0a7f272e3c45-sqlitejdbc.dll
RSP=0x00000035b76fe500 is pointing into the stack for thread: 0x000001c8471f6000
RBP=0x00000035b76fe698 is pointing into the stack for thread: 0x000001c8471f6000
RSI=0x0 is NULL
RDI=0x00000000efb13130 is an oop: java.util.ArrayList 
{0x00000000efb13130} - klass: 'java/util/ArrayList'
R8 =0x000001c848fd77c8 points into unknown readable memory: 00 00 00 00 00 00 00 00
R9 =0x000001c832a50b80 is at begin+0 in a stub
StubRoutines::atomic_cmpxchg_long [0x000001c832a50b80, 0x000001c832a50b89[ (9 bytes)
R10=0x000001c832a67253 is at code_begin+2579 in an Interpreter codelet
method entry point (kind = native_synchronized)  [0x000001c832a66840, 0x000001c832a67e60]  5664 bytes
R11=0x0000000000000121 is an unknown value
R12=0x0 is NULL
R13={method} {0x000001c848d7bd28} 'step' '(J)I' in 'org/sqlite/core/NativeDB'
R14=0x00000035b76fe6c8 is pointing into the stack for thread: 0x000001c8471f6000
R15=0x000001c8471f6000 is a thread


Registers:
RAX=0x00000000677828ce, RBX=0x000001c848fd77c8, RCX=0x000001c848fd77c8, RDX=0x000000006782afaf
RSP=0x00000035b76fe500, RBP=0x00000035b76fe698, RSI=0x0000000000000000, RDI=0x00000000efb13130
R8 =0x000001c848fd77c8, R9 =0x000001c832a50b80, R10=0x000001c832a67253, R11=0x0000000000000121
R12=0x0000000000000000, R13=0x000001c848d7bd20, R14=0x00000035b76fe6c8, R15=0x000001c8471f6000
RIP=0x00000000677ed0d9, EFLAGS=0x0000000000010202

Top of Stack: (sp=0x00000035b76fe500)
0x00000035b76fe500:   000001c848230938 000001c8471f6000
0x00000035b76fe510:   0000000000000000 000001c8471a0420
0x00000035b76fe520:   000001c847433d80 0000000000000000
0x00000035b76fe530:   0000000000000000 00007ff9018d7500
0x00000035b76fe540:   000001c847433500 00007ff9018d7505
0x00000035b76fe550:   0000000000000000 0000000000000000
0x00000035b76fe560:   00000000efb15d00 000001c8471f6000
0x00000035b76fe570:   00000035b76fe640 000001c848d7bd20
0x00000035b76fe580:   0000000000000000 000001c848036682
0x00000035b76fe590:   000001c8471f6000 00000000efb07098
0x00000035b76fe5a0:   000001c848230938 00007ff9016d924f
0x00000035b76fe5b0:   000001c848230900 000001c848d7bd20
0x00000035b76fe5c0:   0000000000000000 00000000efb13130
0x00000035b76fe5d0:   00000035b76fe698 0000000000000000
0x00000035b76fe5e0:   000001c848d7bd20 00000035b76fe6c8
0x00000035b76fe5f0:   000001c8471f6000 000001c832a67282 

Instructions: (pc=0x00000000677ed0d9)
0x00000000677ed0b9:   41 56 41 55 41 54 55 57 56 53 48 81 ec b8 00 00
0x00000000677ed0c9:   00 48 8d 15 de de 03 00 48 85 c9 48 89 cb 74 0f
0x00000000677ed0d9:   4c 8b 31 4d 85 f6 75 20 48 8d 15 ef de 03 00 b9
0x00000000677ed0e9:   15 00 00 00 e8 ca 6f fb ff b9 5d 46 01 00 e8 37 


Stack slot to memory mapping:
stack at sp + 0 slots: 0x000001c848230938 points into unknown readable memory: 98 70 b0 ef 00 00 00 00
stack at sp + 1 slots: 0x000001c8471f6000 is a thread
stack at sp + 2 slots: 0x0 is NULL
stack at sp + 3 slots: 0x000001c8471a0420 points into unknown readable memory: 10 00 00 00 00 00 00 00
stack at sp + 4 slots: 0x000001c847433d80 points into unknown readable memory: 00 00 00 00 00 00 00 00
stack at sp + 5 slots: 0x0 is NULL
stack at sp + 6 slots: 0x0 is NULL
stack at sp + 7 slots: 0x00007ff9018d7500 jvm.dll


---------------  P R O C E S S  ---------------

Threads class SMR info:
_java_thread_list=0x000001c847490780, length=25, elements={
0x000001c82a725800, 0x000001c845f41000, 0x000001c845f42800, 0x000001c8467ca000,
0x000001c8467cb000, 0x000001c8467cd800, 0x000001c8467d0800, 0x000001c8467db000,
0x000001c846968800, 0x000001c84696b000, 0x000001c84696c000, 0x000001c846981800,
0x000001c846992000, 0x000001c8473e9800, 0x000001c84750f000, 0x000001c847510000,
0x000001c84763c800, 0x000001c847f8a800, 0x000001c847f8b000, 0x000001c8480fe800,
0x000001c84893e800, 0x000001c8489e9800, 0x000001c847111800, 0x000001c8471f5800,
0x000001c8471f6000
}

Java Threads: ( => current thread )
  0x000001c82a725800 JavaThread "main" [_thread_blocked, id=2476, stack(0x00000035b4800000,0x00000035b4900000)]
  0x000001c845f41000 JavaThread "Reference Handler" daemon [_thread_blocked, id=20360, stack(0x00000035b4f00000,0x00000035b5000000)]
  0x000001c845f42800 JavaThread "Finalizer" daemon [_thread_blocked, id=3836, stack(0x00000035b5000000,0x00000035b5100000)]
  0x000001c8467ca000 JavaThread "Signal Dispatcher" daemon [_thread_blocked, id=21316, stack(0x00000035b5100000,0x00000035b5200000)]
  0x000001c8467cb000 JavaThread "Attach Listener" daemon [_thread_blocked, id=20120, stack(0x00000035b5200000,0x00000035b5300000)]
  0x000001c8467cd800 JavaThread "C2 CompilerThread0" daemon [_thread_blocked, id=13984, stack(0x00000035b5300000,0x00000035b5400000)]
  0x000001c8467d0800 JavaThread "C1 CompilerThread0" daemon [_thread_blocked, id=20184, stack(0x00000035b5400000,0x00000035b5500000)]
  0x000001c8467db000 JavaThread "Sweeper thread" daemon [_thread_blocked, id=14608, stack(0x00000035b5500000,0x00000035b5600000)]
  0x000001c846968800 JavaThread "JDWP Transport Listener: dt_socket" daemon [_thread_blocked, id=11976, stack(0x00000035b5600000,0x00000035b5700000)]
  0x000001c84696b000 JavaThread "JDWP Event Helper Thread" daemon [_thread_blocked, id=15536, stack(0x00000035b5700000,0x00000035b5800000)]
  0x000001c84696c000 JavaThread "JDWP Command Reader" daemon [_thread_in_native, id=18588, stack(0x00000035b5800000,0x00000035b5900000)]
  0x000001c846981800 JavaThread "Service Thread" daemon [_thread_blocked, id=2640, stack(0x00000035b5900000,0x00000035b5a00000)]
  0x000001c846992000 JavaThread "Common-Cleaner" daemon [_thread_blocked, id=3732, stack(0x00000035b5b00000,0x00000035b5c00000)]
  0x000001c8473e9800 JavaThread "Test worker" [_thread_blocked, id=2824, stack(0x00000035b5d00000,0x00000035b5e00000)]
  0x000001c84750f000 JavaThread "/127.0.0.1:53008 to /127.0.0.1:53006 workers Thread 2" [_thread_blocked, id=20728, stack(0x00000035b5e00000,0x00000035b5f00000)]
  0x000001c847510000 JavaThread "/127.0.0.1:53008 to /127.0.0.1:53006 workers Thread 3" [_thread_in_native, id=20992, stack(0x00000035b5f00000,0x00000035b6000000)]
  0x000001c84763c800 JavaThread "Thread-3" [_thread_blocked, id=10236, stack(0x00000035b6000000,0x00000035b6100000)]
  0x000001c847f8a800 JavaThread "Java2D Disposer" daemon [_thread_blocked, id=13916, stack(0x00000035b6a00000,0x00000035b6b00000)]
  0x000001c847f8b000 JavaThread "AWT-Shutdown" [_thread_blocked, id=17140, stack(0x00000035b6b00000,0x00000035b6c00000)]
  0x000001c8480fe800 JavaThread "AWT-Windows" daemon [_thread_in_native, id=12368, stack(0x00000035b6c00000,0x00000035b6d00000)]
  0x000001c84893e800 JavaThread "AWT-EventQueue-0" [_thread_blocked, id=1196, stack(0x00000035b7000000,0x00000035b7100000)]
  0x000001c8489e9800 JavaThread "TimerQueue" daemon [_thread_blocked, id=19332, stack(0x00000035b6d00000,0x00000035b6e00000)]
  0x000001c847111800 JavaThread "Thread-4" [_thread_in_native, id=19892, stack(0x00000035b7400000,0x00000035b7500000)]
  0x000001c8471f5800 JavaThread "Thread-5" [_thread_in_vm_trans, id=21848, stack(0x00000035b7500000,0x00000035b7600000)]
=>0x000001c8471f6000 JavaThread "Thread-6" [_thread_in_native, id=21236, stack(0x00000035b7600000,0x00000035b7700000)]

Other Threads:
  0x000001c845f3c800 VMThread "VM Thread" [stack: 0x00000035b4e00000,0x00000035b4f00000] [id=8952]
  0x000001c846987000 WatcherThread [stack: 0x00000035b5a00000,0x00000035b5b00000] [id=20696]
  0x000001c82a73d800 GCTaskThread "GC Thread#0" [stack: 0x00000035b4900000,0x00000035b4a00000] [id=10756]
  0x000001c847ec5800 GCTaskThread "GC Thread#1" [stack: 0x00000035b6100000,0x00000035b6200000] [id=10816]
  0x000001c847ec6000 GCTaskThread "GC Thread#2" [stack: 0x00000035b6200000,0x00000035b6300000] [id=5048]
  0x000001c847ec6800 GCTaskThread "GC Thread#3" [stack: 0x00000035b6300000,0x00000035b6400000] [id=21248]
  0x000001c847ec7800 GCTaskThread "GC Thread#4" [stack: 0x00000035b6400000,0x00000035b6500000] [id=12124]
  0x000001c847eaf000 GCTaskThread "GC Thread#5" [stack: 0x00000035b6500000,0x00000035b6600000] [id=19792]
  0x000001c847eaf800 GCTaskThread "GC Thread#6" [stack: 0x00000035b6600000,0x00000035b6700000] [id=3756]
  0x000001c8474a6000 GCTaskThread "GC Thread#7" [stack: 0x00000035b6700000,0x00000035b6800000] [id=5404]
  0x000001c8474ad800 GCTaskThread "GC Thread#8" [stack: 0x00000035b6800000,0x00000035b6900000] [id=14312]
  0x000001c8474a7800 GCTaskThread "GC Thread#9" [stack: 0x00000035b6900000,0x00000035b6a00000] [id=18488]
  0x000001c82a74f800 ConcurrentGCThread "G1 Main Marker" [stack: 0x00000035b4a00000,0x00000035b4b00000] [id=20952]
  0x000001c82a751000 ConcurrentGCThread "G1 Conc#0" [stack: 0x00000035b4b00000,0x00000035b4c00000] [id=18680]
  0x000001c8474a7000 ConcurrentGCThread "G1 Conc#1" [stack: 0x00000035b6e00000,0x00000035b6f00000] [id=3232]
  0x000001c8474a8000 ConcurrentGCThread "G1 Conc#2" [stack: 0x00000035b6f00000,0x00000035b7000000] [id=8756]
  0x000001c82a7fe800 ConcurrentGCThread "G1 Refine#0" [stack: 0x00000035b4c00000,0x00000035b4d00000] [id=10856]
  0x000001c845daa800 ConcurrentGCThread "G1 Young RemSet Sampling" [stack: 0x00000035b4d00000,0x00000035b4e00000] [id=22516]

Threads with active compile tasks:

VM state:not at safepoint (normal execution)

VM Mutex/Monitor currently owned by a thread: None

Heap address: 0x00000000e0000000, size: 512 MB, Compressed Oops mode: 32-bit
Narrow klass base: 0x0000000000000000, Narrow klass shift: 3
Compressed class space size: 1073741824 Address: 0x0000000100000000

Heap:
 garbage-first heap   total 258048K, used 28728K [0x00000000e0000000, 0x0000000100000000)
  region size 1024K, 4 young (4096K), 2 survivors (2048K)
 Metaspace       used 25243K, capacity 26046K, committed 26368K, reserved 1073152K
  class space    used 2907K, capacity 3260K, committed 3328K, reserved 1048576K
Heap Regions: E=young(eden), S=young(survivor), O=old, HS=humongous(starts), HC=humongous(continues), CS=collection set, F=free, A=archive, TAMS=top-at-mark-start (previous, next)
|   0|0x00000000e0000000, 0x00000000e0100000, 0x00000000e0100000|100%| O|  |TAMS 0x00000000e0100000, 0x00000000e0000000| Untracked 
|   1|0x00000000e0100000, 0x00000000e0200000, 0x00000000e0200000|100%| O|  |TAMS 0x00000000e0141a00, 0x00000000e0100000| Untracked 
|   2|0x00000000e0200000, 0x00000000e0300000, 0x00000000e0300000|100%|HS|  |TAMS 0x00000000e0200000, 0x00000000e0200000| Complete 
|   3|0x00000000e0300000, 0x00000000e0400000, 0x00000000e0400000|100%|HC|  |TAMS 0x00000000e0300000, 0x00000000e0300000| Complete 
|   4|0x00000000e0400000, 0x00000000e0500000, 0x00000000e0500000|100%|HC|  |TAMS 0x00000000e0400000, 0x00000000e0400000| Complete 
|   5|0x00000000e0500000, 0x00000000e0600000, 0x00000000e0600000|100%|HC|  |TAMS 0x00000000e0500000, 0x00000000e0500000| Complete 
|   6|0x00000000e0600000, 0x00000000e0700000, 0x00000000e0700000|100%|HC|  |TAMS 0x00000000e0600000, 0x00000000e0600000| Complete 
|   7|0x00000000e0700000, 0x00000000e0800000, 0x00000000e0800000|100%|HC|  |TAMS 0x00000000e0700000, 0x00000000e0700000| Complete 
|   8|0x00000000e0800000, 0x00000000e0900000, 0x00000000e0900000|100%|HC|  |TAMS 0x00000000e0800000, 0x00000000e0800000| Complete 
|   9|0x00000000e0900000, 0x00000000e0a00000, 0x00000000e0a00000|100%|HS|  |TAMS 0x00000000e0900000, 0x00000000e0900000| Complete 
|  10|0x00000000e0a00000, 0x00000000e0b00000, 0x00000000e0b00000|100%|HS|  |TAMS 0x00000000e0a00000, 0x00000000e0a00000| Complete 
|  11|0x00000000e0b00000, 0x00000000e0c00000, 0x00000000e0c00000|100%|HC|  |TAMS 0x00000000e0b00000, 0x00000000e0b00000| Complete 
|  12|0x00000000e0c00000, 0x00000000e0d00000, 0x00000000e0d00000|100%|HC|  |TAMS 0x00000000e0c00000, 0x00000000e0c00000| Complete 
|  13|0x00000000e0d00000, 0x00000000e0e00000, 0x00000000e0e00000|100%|HC|  |TAMS 0x00000000e0d00000, 0x00000000e0d00000| Complete 
|  14|0x00000000e0e00000, 0x00000000e0f00000, 0x00000000e0f00000|100%|HC|  |TAMS 0x00000000e0e00000, 0x00000000e0e00000| Complete 
|  15|0x00000000e0f00000, 0x00000000e1000000, 0x00000000e1000000|100%|HC|  |TAMS 0x00000000e0f00000, 0x00000000e0f00000| Complete 
|  16|0x00000000e1000000, 0x00000000e1100000, 0x00000000e1100000|100%|HS|  |TAMS 0x00000000e1000000, 0x00000000e1000000| Complete 
|  17|0x00000000e1100000, 0x00000000e1200000, 0x00000000e1200000|100%|HC|  |TAMS 0x00000000e1100000, 0x00000000e1100000| Complete 
|  18|0x00000000e1200000, 0x00000000e1300000, 0x00000000e1300000|100%|HC|  |TAMS 0x00000000e1200000, 0x00000000e1200000| Complete 
|  19|0x00000000e1300000, 0x00000000e1400000, 0x00000000e1400000|100%|HC|  |TAMS 0x00000000e1300000, 0x00000000e1300000| Complete 
|  20|0x00000000e1400000, 0x00000000e1500000, 0x00000000e1500000|100%|HC|  |TAMS 0x00000000e1400000, 0x00000000e1400000| Complete 
|  21|0x00000000e1500000, 0x00000000e1600000, 0x00000000e1600000|100%|HC|  |TAMS 0x00000000e1500000, 0x00000000e1500000| Complete 
|  22|0x00000000e1600000, 0x00000000e1700000, 0x00000000e1700000|100%|HC|  |TAMS 0x00000000e1600000, 0x00000000e1600000| Complete 
|  23|0x00000000e1700000, 0x00000000e1800000, 0x00000000e1800000|100%| O|  |TAMS 0x00000000e1700000, 0x00000000e1700000| Untracked 
|  24|0x00000000e1800000, 0x00000000e1900000, 0x00000000e1900000|100%| O|  |TAMS 0x00000000e1800000, 0x00000000e1800000| Untracked 
|  25|0x00000000e1900000, 0x00000000e192f600, 0x00000000e1a00000| 18%| O|  |TAMS 0x00000000e1900000, 0x00000000e1900000| Untracked 
|  26|0x00000000e1a00000, 0x00000000e1a00000, 0x00000000e1b00000|  0%| F|  |TAMS 0x00000000e1a00000, 0x00000000e1a00000| Untracked 
|  27|0x00000000e1b00000, 0x00000000e1b00000, 0x00000000e1c00000|  0%| F|  |TAMS 0x00000000e1b00000, 0x00000000e1b00000| Untracked 
|  28|0x00000000e1c00000, 0x00000000e1c00000, 0x00000000e1d00000|  0%| F|  |TAMS 0x00000000e1c00000, 0x00000000e1c00000| Untracked 
|  29|0x00000000e1d00000, 0x00000000e1d00000, 0x00000000e1e00000|  0%| F|  |TAMS 0x00000000e1d00000, 0x00000000e1d00000| Untracked 
|  30|0x00000000e1e00000, 0x00000000e1e00000, 0x00000000e1f00000|  0%| F|  |TAMS 0x00000000e1e00000, 0x00000000e1e00000| Untracked 
|  31|0x00000000e1f00000, 0x00000000e1f00000, 0x00000000e2000000|  0%| F|  |TAMS 0x00000000e1f00000, 0x00000000e1f00000| Untracked 
|  32|0x00000000e2000000, 0x00000000e2000000, 0x00000000e2100000|  0%| F|  |TAMS 0x00000000e2000000, 0x00000000e2000000| Untracked 
|  33|0x00000000e2100000, 0x00000000e2100000, 0x00000000e2200000|  0%| F|  |TAMS 0x00000000e2100000, 0x00000000e2100000| Untracked 
|  34|0x00000000e2200000, 0x00000000e2200000, 0x00000000e2300000|  0%| F|  |TAMS 0x00000000e2200000, 0x00000000e2200000| Untracked 
|  35|0x00000000e2300000, 0x00000000e2300000, 0x00000000e2400000|  0%| F|  |TAMS 0x00000000e2300000, 0x00000000e2300000| Untracked 
|  36|0x00000000e2400000, 0x00000000e2400000, 0x00000000e2500000|  0%| F|  |TAMS 0x00000000e2400000, 0x00000000e2400000| Untracked 
|  37|0x00000000e2500000, 0x00000000e2500000, 0x00000000e2600000|  0%| F|  |TAMS 0x00000000e2500000, 0x00000000e2500000| Untracked 
|  38|0x00000000e2600000, 0x00000000e2600000, 0x00000000e2700000|  0%| F|  |TAMS 0x00000000e2600000, 0x00000000e2600000| Untracked 
|  39|0x00000000e2700000, 0x00000000e2700000, 0x00000000e2800000|  0%| F|  |TAMS 0x00000000e2700000, 0x00000000e2700000| Untracked 
|  40|0x00000000e2800000, 0x00000000e2800000, 0x00000000e2900000|  0%| F|  |TAMS 0x00000000e2800000, 0x00000000e2800000| Untracked 
|  41|0x00000000e2900000, 0x00000000e2900000, 0x00000000e2a00000|  0%| F|  |TAMS 0x00000000e2900000, 0x00000000e2900000| Untracked 
|  42|0x00000000e2a00000, 0x00000000e2a00000, 0x00000000e2b00000|  0%| F|  |TAMS 0x00000000e2a00000, 0x00000000e2a00000| Untracked 
|  43|0x00000000e2b00000, 0x00000000e2b00000, 0x00000000e2c00000|  0%| F|  |TAMS 0x00000000e2b00000, 0x00000000e2b00000| Untracked 
|  44|0x00000000e2c00000, 0x00000000e2c00000, 0x00000000e2d00000|  0%| F|  |TAMS 0x00000000e2c00000, 0x00000000e2c00000| Untracked 
|  45|0x00000000e2d00000, 0x00000000e2d00000, 0x00000000e2e00000|  0%| F|  |TAMS 0x00000000e2d00000, 0x00000000e2d00000| Untracked 
|  46|0x00000000e2e00000, 0x00000000e2e00000, 0x00000000e2f00000|  0%| F|  |TAMS 0x00000000e2e00000, 0x00000000e2e00000| Untracked 
|  47|0x00000000e2f00000, 0x00000000e2f00000, 0x00000000e3000000|  0%| F|  |TAMS 0x00000000e2f00000, 0x00000000e2f00000| Untracked 
|  48|0x00000000e3000000, 0x00000000e3000000, 0x00000000e3100000|  0%| F|  |TAMS 0x00000000e3000000, 0x00000000e3000000| Untracked 
|  49|0x00000000e3100000, 0x00000000e3100000, 0x00000000e3200000|  0%| F|  |TAMS 0x00000000e3100000, 0x00000000e3100000| Untracked 
|  50|0x00000000e3200000, 0x00000000e3200000, 0x00000000e3300000|  0%| F|  |TAMS 0x00000000e3200000, 0x00000000e3200000| Untracked 
|  51|0x00000000e3300000, 0x00000000e3300000, 0x00000000e3400000|  0%| F|  |TAMS 0x00000000e3300000, 0x00000000e3300000| Untracked 
|  52|0x00000000e3400000, 0x00000000e3400000, 0x00000000e3500000|  0%| F|  |TAMS 0x00000000e3400000, 0x00000000e3400000| Untracked 
|  53|0x00000000e3500000, 0x00000000e3500000, 0x00000000e3600000|  0%| F|  |TAMS 0x00000000e3500000, 0x00000000e3500000| Untracked 
|  54|0x00000000e3600000, 0x00000000e3600000, 0x00000000e3700000|  0%| F|  |TAMS 0x00000000e3600000, 0x00000000e3600000| Untracked 
|  55|0x00000000e3700000, 0x00000000e3700000, 0x00000000e3800000|  0%| F|  |TAMS 0x00000000e3700000, 0x00000000e3700000| Untracked 
|  56|0x00000000e3800000, 0x00000000e3800000, 0x00000000e3900000|  0%| F|  |TAMS 0x00000000e3800000, 0x00000000e3800000| Untracked 
|  57|0x00000000e3900000, 0x00000000e3900000, 0x00000000e3a00000|  0%| F|  |TAMS 0x00000000e3900000, 0x00000000e3900000| Untracked 
|  58|0x00000000e3a00000, 0x00000000e3a00000, 0x00000000e3b00000|  0%| F|  |TAMS 0x00000000e3a00000, 0x00000000e3a00000| Untracked 
|  59|0x00000000e3b00000, 0x00000000e3b00000, 0x00000000e3c00000|  0%| F|  |TAMS 0x00000000e3b00000, 0x00000000e3b00000| Untracked 
|  60|0x00000000e3c00000, 0x00000000e3c00000, 0x00000000e3d00000|  0%| F|  |TAMS 0x00000000e3c00000, 0x00000000e3c00000| Untracked 
|  61|0x00000000e3d00000, 0x00000000e3d00000, 0x00000000e3e00000|  0%| F|  |TAMS 0x00000000e3d00000, 0x00000000e3d00000| Untracked 
|  62|0x00000000e3e00000, 0x00000000e3e00000, 0x00000000e3f00000|  0%| F|  |TAMS 0x00000000e3e00000, 0x00000000e3e00000| Untracked 
|  63|0x00000000e3f00000, 0x00000000e3f00000, 0x00000000e4000000|  0%| F|  |TAMS 0x00000000e3f00000, 0x00000000e3f00000| Untracked 
|  64|0x00000000e4000000, 0x00000000e4000000, 0x00000000e4100000|  0%| F|  |TAMS 0x00000000e4000000, 0x00000000e4000000| Untracked 
|  65|0x00000000e4100000, 0x00000000e4100000, 0x00000000e4200000|  0%| F|  |TAMS 0x00000000e4100000, 0x00000000e4100000| Untracked 
|  66|0x00000000e4200000, 0x00000000e4200000, 0x00000000e4300000|  0%| F|  |TAMS 0x00000000e4200000, 0x00000000e4200000| Untracked 
|  67|0x00000000e4300000, 0x00000000e4300000, 0x00000000e4400000|  0%| F|  |TAMS 0x00000000e4300000, 0x00000000e4300000| Untracked 
|  68|0x00000000e4400000, 0x00000000e4400000, 0x00000000e4500000|  0%| F|  |TAMS 0x00000000e4400000, 0x00000000e4400000| Untracked 
|  69|0x00000000e4500000, 0x00000000e4500000, 0x00000000e4600000|  0%| F|  |TAMS 0x00000000e4500000, 0x00000000e4500000| Untracked 
|  70|0x00000000e4600000, 0x00000000e4600000, 0x00000000e4700000|  0%| F|  |TAMS 0x00000000e4600000, 0x00000000e4600000| Untracked 
|  71|0x00000000e4700000, 0x00000000e4700000, 0x00000000e4800000|  0%| F|  |TAMS 0x00000000e4700000, 0x00000000e4700000| Untracked 
|  72|0x00000000e4800000, 0x00000000e4800000, 0x00000000e4900000|  0%| F|  |TAMS 0x00000000e4800000, 0x00000000e4800000| Untracked 
|  73|0x00000000e4900000, 0x00000000e4900000, 0x00000000e4a00000|  0%| F|  |TAMS 0x00000000e4900000, 0x00000000e4900000| Untracked 
|  74|0x00000000e4a00000, 0x00000000e4a00000, 0x00000000e4b00000|  0%| F|  |TAMS 0x00000000e4a00000, 0x00000000e4a00000| Untracked 
|  75|0x00000000e4b00000, 0x00000000e4b00000, 0x00000000e4c00000|  0%| F|  |TAMS 0x00000000e4b00000, 0x00000000e4b00000| Untracked 
|  76|0x00000000e4c00000, 0x00000000e4c00000, 0x00000000e4d00000|  0%| F|  |TAMS 0x00000000e4c00000, 0x00000000e4c00000| Untracked 
|  77|0x00000000e4d00000, 0x00000000e4d00000, 0x00000000e4e00000|  0%| F|  |TAMS 0x00000000e4d00000, 0x00000000e4d00000| Untracked 
|  78|0x00000000e4e00000, 0x00000000e4e00000, 0x00000000e4f00000|  0%| F|  |TAMS 0x00000000e4e00000, 0x00000000e4e00000| Untracked 
|  79|0x00000000e4f00000, 0x00000000e4f00000, 0x00000000e5000000|  0%| F|  |TAMS 0x00000000e4f00000, 0x00000000e4f00000| Untracked 
|  80|0x00000000e5000000, 0x00000000e5000000, 0x00000000e5100000|  0%| F|  |TAMS 0x00000000e5000000, 0x00000000e5000000| Untracked 
|  81|0x00000000e5100000, 0x00000000e5100000, 0x00000000e5200000|  0%| F|  |TAMS 0x00000000e5100000, 0x00000000e5100000| Untracked 
|  82|0x00000000e5200000, 0x00000000e5200000, 0x00000000e5300000|  0%| F|  |TAMS 0x00000000e5200000, 0x00000000e5200000| Untracked 
|  83|0x00000000e5300000, 0x00000000e5300000, 0x00000000e5400000|  0%| F|  |TAMS 0x00000000e5300000, 0x00000000e5300000| Untracked 
|  84|0x00000000e5400000, 0x00000000e5400000, 0x00000000e5500000|  0%| F|  |TAMS 0x00000000e5400000, 0x00000000e5400000| Untracked 
|  85|0x00000000e5500000, 0x00000000e5500000, 0x00000000e5600000|  0%| F|  |TAMS 0x00000000e5500000, 0x00000000e5500000| Untracked 
|  86|0x00000000e5600000, 0x00000000e5600000, 0x00000000e5700000|  0%| F|  |TAMS 0x00000000e5600000, 0x00000000e5600000| Untracked 
|  87|0x00000000e5700000, 0x00000000e5700000, 0x00000000e5800000|  0%| F|  |TAMS 0x00000000e5700000, 0x00000000e5700000| Untracked 
|  88|0x00000000e5800000, 0x00000000e5800000, 0x00000000e5900000|  0%| F|  |TAMS 0x00000000e5800000, 0x00000000e5800000| Untracked 
|  89|0x00000000e5900000, 0x00000000e5900000, 0x00000000e5a00000|  0%| F|  |TAMS 0x00000000e5900000, 0x00000000e5900000| Untracked 
|  90|0x00000000e5a00000, 0x00000000e5a00000, 0x00000000e5b00000|  0%| F|  |TAMS 0x00000000e5a00000, 0x00000000e5a00000| Untracked 
|  91|0x00000000e5b00000, 0x00000000e5b00000, 0x00000000e5c00000|  0%| F|  |TAMS 0x00000000e5b00000, 0x00000000e5b00000| Untracked 
|  92|0x00000000e5c00000, 0x00000000e5c00000, 0x00000000e5d00000|  0%| F|  |TAMS 0x00000000e5c00000, 0x00000000e5c00000| Untracked 
|  93|0x00000000e5d00000, 0x00000000e5d00000, 0x00000000e5e00000|  0%| F|  |TAMS 0x00000000e5d00000, 0x00000000e5d00000| Untracked 
|  94|0x00000000e5e00000, 0x00000000e5e00000, 0x00000000e5f00000|  0%| F|  |TAMS 0x00000000e5e00000, 0x00000000e5e00000| Untracked 
|  95|0x00000000e5f00000, 0x00000000e5f00000, 0x00000000e6000000|  0%| F|  |TAMS 0x00000000e5f00000, 0x00000000e5f00000| Untracked 
|  96|0x00000000e6000000, 0x00000000e6000000, 0x00000000e6100000|  0%| F|  |TAMS 0x00000000e6000000, 0x00000000e6000000| Untracked 
|  97|0x00000000e6100000, 0x00000000e6100000, 0x00000000e6200000|  0%| F|  |TAMS 0x00000000e6100000, 0x00000000e6100000| Untracked 
|  98|0x00000000e6200000, 0x00000000e6200000, 0x00000000e6300000|  0%| F|  |TAMS 0x00000000e6200000, 0x00000000e6200000| Untracked 
|  99|0x00000000e6300000, 0x00000000e6300000, 0x00000000e6400000|  0%| F|  |TAMS 0x00000000e6300000, 0x00000000e6300000| Untracked 
| 100|0x00000000e6400000, 0x00000000e6400000, 0x00000000e6500000|  0%| F|  |TAMS 0x00000000e6400000, 0x00000000e6400000| Untracked 
| 101|0x00000000e6500000, 0x00000000e6500000, 0x00000000e6600000|  0%| F|  |TAMS 0x00000000e6500000, 0x00000000e6500000| Untracked 
| 102|0x00000000e6600000, 0x00000000e6600000, 0x00000000e6700000|  0%| F|  |TAMS 0x00000000e6600000, 0x00000000e6600000| Untracked 
| 103|0x00000000e6700000, 0x00000000e6700000, 0x00000000e6800000|  0%| F|  |TAMS 0x00000000e6700000, 0x00000000e6700000| Untracked 
| 104|0x00000000e6800000, 0x00000000e6800000, 0x00000000e6900000|  0%| F|  |TAMS 0x00000000e6800000, 0x00000000e6800000| Untracked 
| 105|0x00000000e6900000, 0x00000000e6900000, 0x00000000e6a00000|  0%| F|  |TAMS 0x00000000e6900000, 0x00000000e6900000| Untracked 
| 106|0x00000000e6a00000, 0x00000000e6a00000, 0x00000000e6b00000|  0%| F|  |TAMS 0x00000000e6a00000, 0x00000000e6a00000| Untracked 
| 107|0x00000000e6b00000, 0x00000000e6b00000, 0x00000000e6c00000|  0%| F|  |TAMS 0x00000000e6b00000, 0x00000000e6b00000| Untracked 
| 108|0x00000000e6c00000, 0x00000000e6c00000, 0x00000000e6d00000|  0%| F|  |TAMS 0x00000000e6c00000, 0x00000000e6c00000| Untracked 
| 109|0x00000000e6d00000, 0x00000000e6d00000, 0x00000000e6e00000|  0%| F|  |TAMS 0x00000000e6d00000, 0x00000000e6d00000| Untracked 
| 110|0x00000000e6e00000, 0x00000000e6e00000, 0x00000000e6f00000|  0%| F|  |TAMS 0x00000000e6e00000, 0x00000000e6e00000| Untracked 
| 111|0x00000000e6f00000, 0x00000000e6f00000, 0x00000000e7000000|  0%| F|  |TAMS 0x00000000e6f00000, 0x00000000e6f00000| Untracked 
| 112|0x00000000e7000000, 0x00000000e7000000, 0x00000000e7100000|  0%| F|  |TAMS 0x00000000e7000000, 0x00000000e7000000| Untracked 
| 113|0x00000000e7100000, 0x00000000e7100000, 0x00000000e7200000|  0%| F|  |TAMS 0x00000000e7100000, 0x00000000e7100000| Untracked 
| 114|0x00000000e7200000, 0x00000000e7200000, 0x00000000e7300000|  0%| F|  |TAMS 0x00000000e7200000, 0x00000000e7200000| Untracked 
| 115|0x00000000e7300000, 0x00000000e7300000, 0x00000000e7400000|  0%| F|  |TAMS 0x00000000e7300000, 0x00000000e7300000| Untracked 
| 116|0x00000000e7400000, 0x00000000e7400000, 0x00000000e7500000|  0%| F|  |TAMS 0x00000000e7400000, 0x00000000e7400000| Untracked 
| 117|0x00000000e7500000, 0x00000000e7500000, 0x00000000e7600000|  0%| F|  |TAMS 0x00000000e7500000, 0x00000000e7500000| Untracked 
| 118|0x00000000e7600000, 0x00000000e7600000, 0x00000000e7700000|  0%| F|  |TAMS 0x00000000e7600000, 0x00000000e7600000| Untracked 
| 119|0x00000000e7700000, 0x00000000e7700000, 0x00000000e7800000|  0%| F|  |TAMS 0x00000000e7700000, 0x00000000e7700000| Untracked 
| 120|0x00000000e7800000, 0x00000000e7800000, 0x00000000e7900000|  0%| F|  |TAMS 0x00000000e7800000, 0x00000000e7800000| Untracked 
| 121|0x00000000e7900000, 0x00000000e7900000, 0x00000000e7a00000|  0%| F|  |TAMS 0x00000000e7900000, 0x00000000e7900000| Untracked 
| 122|0x00000000e7a00000, 0x00000000e7a00000, 0x00000000e7b00000|  0%| F|  |TAMS 0x00000000e7a00000, 0x00000000e7a00000| Untracked 
| 123|0x00000000e7b00000, 0x00000000e7b00000, 0x00000000e7c00000|  0%| F|  |TAMS 0x00000000e7b00000, 0x00000000e7b00000| Untracked 
| 124|0x00000000e7c00000, 0x00000000e7c00000, 0x00000000e7d00000|  0%| F|  |TAMS 0x00000000e7c00000, 0x00000000e7c00000| Untracked 
| 125|0x00000000e7d00000, 0x00000000e7d00000, 0x00000000e7e00000|  0%| F|  |TAMS 0x00000000e7d00000, 0x00000000e7d00000| Untracked 
| 126|0x00000000e7e00000, 0x00000000e7e00000, 0x00000000e7f00000|  0%| F|  |TAMS 0x00000000e7e00000, 0x00000000e7e00000| Untracked 
| 127|0x00000000e7f00000, 0x00000000e7f00000, 0x00000000e8000000|  0%| F|  |TAMS 0x00000000e7f00000, 0x00000000e7f00000| Untracked 
| 128|0x00000000e8000000, 0x00000000e8000000, 0x00000000e8100000|  0%| F|  |TAMS 0x00000000e8000000, 0x00000000e8000000| Untracked 
| 129|0x00000000e8100000, 0x00000000e8100000, 0x00000000e8200000|  0%| F|  |TAMS 0x00000000e8100000, 0x00000000e8100000| Untracked 
| 130|0x00000000e8200000, 0x00000000e8200000, 0x00000000e8300000|  0%| F|  |TAMS 0x00000000e8200000, 0x00000000e8200000| Untracked 
| 131|0x00000000e8300000, 0x00000000e8300000, 0x00000000e8400000|  0%| F|  |TAMS 0x00000000e8300000, 0x00000000e8300000| Untracked 
| 132|0x00000000e8400000, 0x00000000e8400000, 0x00000000e8500000|  0%| F|  |TAMS 0x00000000e8400000, 0x00000000e8400000| Untracked 
| 133|0x00000000e8500000, 0x00000000e8500000, 0x00000000e8600000|  0%| F|  |TAMS 0x00000000e8500000, 0x00000000e8500000| Untracked 
| 134|0x00000000e8600000, 0x00000000e8600000, 0x00000000e8700000|  0%| F|  |TAMS 0x00000000e8600000, 0x00000000e8600000| Untracked 
| 135|0x00000000e8700000, 0x00000000e8700000, 0x00000000e8800000|  0%| F|  |TAMS 0x00000000e8700000, 0x00000000e8700000| Untracked 
| 136|0x00000000e8800000, 0x00000000e8800000, 0x00000000e8900000|  0%| F|  |TAMS 0x00000000e8800000, 0x00000000e8800000| Untracked 
| 137|0x00000000e8900000, 0x00000000e8900000, 0x00000000e8a00000|  0%| F|  |TAMS 0x00000000e8900000, 0x00000000e8900000| Untracked 
| 138|0x00000000e8a00000, 0x00000000e8a00000, 0x00000000e8b00000|  0%| F|  |TAMS 0x00000000e8a00000, 0x00000000e8a00000| Untracked 
| 139|0x00000000e8b00000, 0x00000000e8b00000, 0x00000000e8c00000|  0%| F|  |TAMS 0x00000000e8b00000, 0x00000000e8b00000| Untracked 
| 140|0x00000000e8c00000, 0x00000000e8c00000, 0x00000000e8d00000|  0%| F|  |TAMS 0x00000000e8c00000, 0x00000000e8c00000| Untracked 
| 141|0x00000000e8d00000, 0x00000000e8d00000, 0x00000000e8e00000|  0%| F|  |TAMS 0x00000000e8d00000, 0x00000000e8d00000| Untracked 
| 142|0x00000000e8e00000, 0x00000000e8e00000, 0x00000000e8f00000|  0%| F|  |TAMS 0x00000000e8e00000, 0x00000000e8e00000| Untracked 
| 143|0x00000000e8f00000, 0x00000000e8f00000, 0x00000000e9000000|  0%| F|  |TAMS 0x00000000e8f00000, 0x00000000e8f00000| Untracked 
| 144|0x00000000e9000000, 0x00000000e9000000, 0x00000000e9100000|  0%| F|  |TAMS 0x00000000e9000000, 0x00000000e9000000| Untracked 
| 145|0x00000000e9100000, 0x00000000e9100000, 0x00000000e9200000|  0%| F|  |TAMS 0x00000000e9100000, 0x00000000e9100000| Untracked 
| 146|0x00000000e9200000, 0x00000000e9200000, 0x00000000e9300000|  0%| F|  |TAMS 0x00000000e9200000, 0x00000000e9200000| Untracked 
| 147|0x00000000e9300000, 0x00000000e9300000, 0x00000000e9400000|  0%| F|  |TAMS 0x00000000e9300000, 0x00000000e9300000| Untracked 
| 148|0x00000000e9400000, 0x00000000e9400000, 0x00000000e9500000|  0%| F|  |TAMS 0x00000000e9400000, 0x00000000e9400000| Untracked 
| 149|0x00000000e9500000, 0x00000000e9500000, 0x00000000e9600000|  0%| F|  |TAMS 0x00000000e9500000, 0x00000000e9500000| Untracked 
| 150|0x00000000e9600000, 0x00000000e9600000, 0x00000000e9700000|  0%| F|  |TAMS 0x00000000e9600000, 0x00000000e9600000| Untracked 
| 151|0x00000000e9700000, 0x00000000e9700000, 0x00000000e9800000|  0%| F|  |TAMS 0x00000000e9700000, 0x00000000e9700000| Untracked 
| 152|0x00000000e9800000, 0x00000000e9800000, 0x00000000e9900000|  0%| F|  |TAMS 0x00000000e9800000, 0x00000000e9800000| Untracked 
| 153|0x00000000e9900000, 0x00000000e9900000, 0x00000000e9a00000|  0%| F|  |TAMS 0x00000000e9900000, 0x00000000e9900000| Untracked 
| 154|0x00000000e9a00000, 0x00000000e9a00000, 0x00000000e9b00000|  0%| F|  |TAMS 0x00000000e9a00000, 0x00000000e9a00000| Untracked 
| 155|0x00000000e9b00000, 0x00000000e9b00000, 0x00000000e9c00000|  0%| F|  |TAMS 0x00000000e9b00000, 0x00000000e9b00000| Untracked 
| 156|0x00000000e9c00000, 0x00000000e9c00000, 0x00000000e9d00000|  0%| F|  |TAMS 0x00000000e9c00000, 0x00000000e9c00000| Untracked 
| 157|0x00000000e9d00000, 0x00000000e9d00000, 0x00000000e9e00000|  0%| F|  |TAMS 0x00000000e9d00000, 0x00000000e9d00000| Untracked 
| 158|0x00000000e9e00000, 0x00000000e9e00000, 0x00000000e9f00000|  0%| F|  |TAMS 0x00000000e9e00000, 0x00000000e9e00000| Untracked 
| 159|0x00000000e9f00000, 0x00000000e9f00000, 0x00000000ea000000|  0%| F|  |TAMS 0x00000000e9f00000, 0x00000000e9f00000| Untracked 
| 160|0x00000000ea000000, 0x00000000ea000000, 0x00000000ea100000|  0%| F|  |TAMS 0x00000000ea000000, 0x00000000ea000000| Untracked 
| 161|0x00000000ea100000, 0x00000000ea100000, 0x00000000ea200000|  0%| F|  |TAMS 0x00000000ea100000, 0x00000000ea100000| Untracked 
| 162|0x00000000ea200000, 0x00000000ea200000, 0x00000000ea300000|  0%| F|  |TAMS 0x00000000ea200000, 0x00000000ea200000| Untracked 
| 163|0x00000000ea300000, 0x00000000ea300000, 0x00000000ea400000|  0%| F|  |TAMS 0x00000000ea300000, 0x00000000ea300000| Untracked 
| 164|0x00000000ea400000, 0x00000000ea400000, 0x00000000ea500000|  0%| F|  |TAMS 0x00000000ea400000, 0x00000000ea400000| Untracked 
| 165|0x00000000ea500000, 0x00000000ea500000, 0x00000000ea600000|  0%| F|  |TAMS 0x00000000ea500000, 0x00000000ea500000| Untracked 
| 166|0x00000000ea600000, 0x00000000ea600000, 0x00000000ea700000|  0%| F|  |TAMS 0x00000000ea600000, 0x00000000ea600000| Untracked 
| 167|0x00000000ea700000, 0x00000000ea700000, 0x00000000ea800000|  0%| F|  |TAMS 0x00000000ea700000, 0x00000000ea700000| Untracked 
| 168|0x00000000ea800000, 0x00000000ea800000, 0x00000000ea900000|  0%| F|  |TAMS 0x00000000ea800000, 0x00000000ea800000| Untracked 
| 169|0x00000000ea900000, 0x00000000ea900000, 0x00000000eaa00000|  0%| F|  |TAMS 0x00000000ea900000, 0x00000000ea900000| Untracked 
| 170|0x00000000eaa00000, 0x00000000eaa00000, 0x00000000eab00000|  0%| F|  |TAMS 0x00000000eaa00000, 0x00000000eaa00000| Untracked 
| 171|0x00000000eab00000, 0x00000000eab00000, 0x00000000eac00000|  0%| F|  |TAMS 0x00000000eab00000, 0x00000000eab00000| Untracked 
| 172|0x00000000eac00000, 0x00000000eac00000, 0x00000000ead00000|  0%| F|  |TAMS 0x00000000eac00000, 0x00000000eac00000| Untracked 
| 173|0x00000000ead00000, 0x00000000ead00000, 0x00000000eae00000|  0%| F|  |TAMS 0x00000000ead00000, 0x00000000ead00000| Untracked 
| 174|0x00000000eae00000, 0x00000000eae00000, 0x00000000eaf00000|  0%| F|  |TAMS 0x00000000eae00000, 0x00000000eae00000| Untracked 
| 175|0x00000000eaf00000, 0x00000000eaf00000, 0x00000000eb000000|  0%| F|  |TAMS 0x00000000eaf00000, 0x00000000eaf00000| Untracked 
| 176|0x00000000eb000000, 0x00000000eb000000, 0x00000000eb100000|  0%| F|  |TAMS 0x00000000eb000000, 0x00000000eb000000| Untracked 
| 177|0x00000000eb100000, 0x00000000eb100000, 0x00000000eb200000|  0%| F|  |TAMS 0x00000000eb100000, 0x00000000eb100000| Untracked 
| 178|0x00000000eb200000, 0x00000000eb200000, 0x00000000eb300000|  0%| F|  |TAMS 0x00000000eb200000, 0x00000000eb200000| Untracked 
| 179|0x00000000eb300000, 0x00000000eb300000, 0x00000000eb400000|  0%| F|  |TAMS 0x00000000eb300000, 0x00000000eb300000| Untracked 
| 180|0x00000000eb400000, 0x00000000eb400000, 0x00000000eb500000|  0%| F|  |TAMS 0x00000000eb400000, 0x00000000eb400000| Untracked 
| 181|0x00000000eb500000, 0x00000000eb500000, 0x00000000eb600000|  0%| F|  |TAMS 0x00000000eb500000, 0x00000000eb500000| Untracked 
| 182|0x00000000eb600000, 0x00000000eb600000, 0x00000000eb700000|  0%| F|  |TAMS 0x00000000eb600000, 0x00000000eb600000| Untracked 
| 183|0x00000000eb700000, 0x00000000eb700000, 0x00000000eb800000|  0%| F|  |TAMS 0x00000000eb700000, 0x00000000eb700000| Untracked 
| 184|0x00000000eb800000, 0x00000000eb800000, 0x00000000eb900000|  0%| F|  |TAMS 0x00000000eb800000, 0x00000000eb800000| Untracked 
| 185|0x00000000eb900000, 0x00000000eb900000, 0x00000000eba00000|  0%| F|  |TAMS 0x00000000eb900000, 0x00000000eb900000| Untracked 
| 186|0x00000000eba00000, 0x00000000eba00000, 0x00000000ebb00000|  0%| F|  |TAMS 0x00000000eba00000, 0x00000000eba00000| Untracked 
| 187|0x00000000ebb00000, 0x00000000ebb00000, 0x00000000ebc00000|  0%| F|  |TAMS 0x00000000ebb00000, 0x00000000ebb00000| Untracked 
| 188|0x00000000ebc00000, 0x00000000ebc00000, 0x00000000ebd00000|  0%| F|  |TAMS 0x00000000ebc00000, 0x00000000ebc00000| Untracked 
| 189|0x00000000ebd00000, 0x00000000ebd00000, 0x00000000ebe00000|  0%| F|  |TAMS 0x00000000ebd00000, 0x00000000ebd00000| Untracked 
| 190|0x00000000ebe00000, 0x00000000ebe00000, 0x00000000ebf00000|  0%| F|  |TAMS 0x00000000ebe00000, 0x00000000ebe00000| Untracked 
| 191|0x00000000ebf00000, 0x00000000ebf00000, 0x00000000ec000000|  0%| F|  |TAMS 0x00000000ebf00000, 0x00000000ebf00000| Untracked 
| 192|0x00000000ec000000, 0x00000000ec000000, 0x00000000ec100000|  0%| F|  |TAMS 0x00000000ec000000, 0x00000000ec000000| Untracked 
| 193|0x00000000ec100000, 0x00000000ec100000, 0x00000000ec200000|  0%| F|  |TAMS 0x00000000ec100000, 0x00000000ec100000| Untracked 
| 194|0x00000000ec200000, 0x00000000ec200000, 0x00000000ec300000|  0%| F|  |TAMS 0x00000000ec200000, 0x00000000ec200000| Untracked 
| 195|0x00000000ec300000, 0x00000000ec300000, 0x00000000ec400000|  0%| F|  |TAMS 0x00000000ec300000, 0x00000000ec300000| Untracked 
| 196|0x00000000ec400000, 0x00000000ec400000, 0x00000000ec500000|  0%| F|  |TAMS 0x00000000ec400000, 0x00000000ec400000| Untracked 
| 197|0x00000000ec500000, 0x00000000ec500000, 0x00000000ec600000|  0%| F|  |TAMS 0x00000000ec500000, 0x00000000ec500000| Untracked 
| 198|0x00000000ec600000, 0x00000000ec600000, 0x00000000ec700000|  0%| F|  |TAMS 0x00000000ec600000, 0x00000000ec600000| Untracked 
| 199|0x00000000ec700000, 0x00000000ec700000, 0x00000000ec800000|  0%| F|  |TAMS 0x00000000ec700000, 0x00000000ec700000| Untracked 
| 200|0x00000000ec800000, 0x00000000ec800000, 0x00000000ec900000|  0%| F|  |TAMS 0x00000000ec800000, 0x00000000ec800000| Untracked 
| 201|0x00000000ec900000, 0x00000000ec900000, 0x00000000eca00000|  0%| F|  |TAMS 0x00000000ec900000, 0x00000000ec900000| Untracked 
| 202|0x00000000eca00000, 0x00000000eca00000, 0x00000000ecb00000|  0%| F|  |TAMS 0x00000000eca00000, 0x00000000eca00000| Untracked 
| 203|0x00000000ecb00000, 0x00000000ecb00000, 0x00000000ecc00000|  0%| F|  |TAMS 0x00000000ecb00000, 0x00000000ecb00000| Untracked 
| 204|0x00000000ecc00000, 0x00000000ecc00000, 0x00000000ecd00000|  0%| F|  |TAMS 0x00000000ecc00000, 0x00000000ecc00000| Untracked 
| 205|0x00000000ecd00000, 0x00000000ecd00000, 0x00000000ece00000|  0%| F|  |TAMS 0x00000000ecd00000, 0x00000000ecd00000| Untracked 
| 206|0x00000000ece00000, 0x00000000ece00000, 0x00000000ecf00000|  0%| F|  |TAMS 0x00000000ece00000, 0x00000000ece00000| Untracked 
| 207|0x00000000ecf00000, 0x00000000ecf00000, 0x00000000ed000000|  0%| F|  |TAMS 0x00000000ecf00000, 0x00000000ecf00000| Untracked 
| 208|0x00000000ed000000, 0x00000000ed000000, 0x00000000ed100000|  0%| F|  |TAMS 0x00000000ed000000, 0x00000000ed000000| Untracked 
| 209|0x00000000ed100000, 0x00000000ed100000, 0x00000000ed200000|  0%| F|  |TAMS 0x00000000ed100000, 0x00000000ed100000| Untracked 
| 210|0x00000000ed200000, 0x00000000ed200000, 0x00000000ed300000|  0%| F|  |TAMS 0x00000000ed200000, 0x00000000ed200000| Untracked 
| 211|0x00000000ed300000, 0x00000000ed300000, 0x00000000ed400000|  0%| F|  |TAMS 0x00000000ed300000, 0x00000000ed300000| Untracked 
| 212|0x00000000ed400000, 0x00000000ed400000, 0x00000000ed500000|  0%| F|  |TAMS 0x00000000ed400000, 0x00000000ed400000| Untracked 
| 213|0x00000000ed500000, 0x00000000ed500000, 0x00000000ed600000|  0%| F|  |TAMS 0x00000000ed500000, 0x00000000ed500000| Untracked 
| 214|0x00000000ed600000, 0x00000000ed600000, 0x00000000ed700000|  0%| F|  |TAMS 0x00000000ed600000, 0x00000000ed600000| Untracked 
| 215|0x00000000ed700000, 0x00000000ed700000, 0x00000000ed800000|  0%| F|  |TAMS 0x00000000ed700000, 0x00000000ed700000| Untracked 
| 216|0x00000000ed800000, 0x00000000ed800000, 0x00000000ed900000|  0%| F|  |TAMS 0x00000000ed800000, 0x00000000ed800000| Untracked 
| 217|0x00000000ed900000, 0x00000000ed900000, 0x00000000eda00000|  0%| F|  |TAMS 0x00000000ed900000, 0x00000000ed900000| Untracked 
| 218|0x00000000eda00000, 0x00000000eda00000, 0x00000000edb00000|  0%| F|  |TAMS 0x00000000eda00000, 0x00000000eda00000| Untracked 
| 219|0x00000000edb00000, 0x00000000edb00000, 0x00000000edc00000|  0%| F|  |TAMS 0x00000000edb00000, 0x00000000edb00000| Untracked 
| 220|0x00000000edc00000, 0x00000000edc00000, 0x00000000edd00000|  0%| F|  |TAMS 0x00000000edc00000, 0x00000000edc00000| Untracked 
| 221|0x00000000edd00000, 0x00000000edd00000, 0x00000000ede00000|  0%| F|  |TAMS 0x00000000edd00000, 0x00000000edd00000| Untracked 
| 222|0x00000000ede00000, 0x00000000ede00000, 0x00000000edf00000|  0%| F|  |TAMS 0x00000000ede00000, 0x00000000ede00000| Untracked 
| 223|0x00000000edf00000, 0x00000000edf00000, 0x00000000ee000000|  0%| F|  |TAMS 0x00000000edf00000, 0x00000000edf00000| Untracked 
| 224|0x00000000ee000000, 0x00000000ee000000, 0x00000000ee100000|  0%| F|  |TAMS 0x00000000ee000000, 0x00000000ee000000| Untracked 
| 225|0x00000000ee100000, 0x00000000ee100000, 0x00000000ee200000|  0%| F|  |TAMS 0x00000000ee100000, 0x00000000ee100000| Untracked 
| 226|0x00000000ee200000, 0x00000000ee200000, 0x00000000ee300000|  0%| F|  |TAMS 0x00000000ee200000, 0x00000000ee200000| Untracked 
| 227|0x00000000ee300000, 0x00000000ee300000, 0x00000000ee400000|  0%| F|  |TAMS 0x00000000ee300000, 0x00000000ee300000| Untracked 
| 228|0x00000000ee400000, 0x00000000ee400000, 0x00000000ee500000|  0%| F|  |TAMS 0x00000000ee400000, 0x00000000ee400000| Untracked 
| 229|0x00000000ee500000, 0x00000000ee500000, 0x00000000ee600000|  0%| F|  |TAMS 0x00000000ee500000, 0x00000000ee500000| Untracked 
| 230|0x00000000ee600000, 0x00000000ee600000, 0x00000000ee700000|  0%| F|  |TAMS 0x00000000ee600000, 0x00000000ee600000| Untracked 
| 231|0x00000000ee700000, 0x00000000ee700000, 0x00000000ee800000|  0%| F|  |TAMS 0x00000000ee700000, 0x00000000ee700000| Untracked 
| 232|0x00000000ee800000, 0x00000000ee800000, 0x00000000ee900000|  0%| F|  |TAMS 0x00000000ee800000, 0x00000000ee800000| Untracked 
| 233|0x00000000ee900000, 0x00000000ee900000, 0x00000000eea00000|  0%| F|  |TAMS 0x00000000ee900000, 0x00000000ee900000| Untracked 
| 234|0x00000000eea00000, 0x00000000eea00000, 0x00000000eeb00000|  0%| F|  |TAMS 0x00000000eea00000, 0x00000000eea00000| Untracked 
| 235|0x00000000eeb00000, 0x00000000eeb00000, 0x00000000eec00000|  0%| F|  |TAMS 0x00000000eeb00000, 0x00000000eeb00000| Untracked 
| 236|0x00000000eec00000, 0x00000000eec00000, 0x00000000eed00000|  0%| F|  |TAMS 0x00000000eec00000, 0x00000000eec00000| Untracked 
| 237|0x00000000eed00000, 0x00000000eed00000, 0x00000000eee00000|  0%| F|  |TAMS 0x00000000eed00000, 0x00000000eed00000| Untracked 
| 238|0x00000000eee00000, 0x00000000eeedeb78, 0x00000000eef00000| 86%| S|CS|TAMS 0x00000000eee00000, 0x00000000eee00000| Complete 
| 239|0x00000000eef00000, 0x00000000ef000000, 0x00000000ef000000|100%| S|CS|TAMS 0x00000000eef00000, 0x00000000eef00000| Complete 
| 240|0x00000000ef000000, 0x00000000ef000000, 0x00000000ef100000|  0%| F|  |TAMS 0x00000000ef000000, 0x00000000ef000000| Untracked 
| 241|0x00000000ef100000, 0x00000000ef100000, 0x00000000ef200000|  0%| F|  |TAMS 0x00000000ef100000, 0x00000000ef100000| Untracked 
| 242|0x00000000ef200000, 0x00000000ef200000, 0x00000000ef300000|  0%| F|  |TAMS 0x00000000ef200000, 0x00000000ef200000| Untracked 
| 243|0x00000000ef300000, 0x00000000ef300000, 0x00000000ef400000|  0%| F|  |TAMS 0x00000000ef300000, 0x00000000ef300000| Untracked 
| 244|0x00000000ef400000, 0x00000000ef400000, 0x00000000ef500000|  0%| F|  |TAMS 0x00000000ef400000, 0x00000000ef400000| Untracked 
| 245|0x00000000ef500000, 0x00000000ef500000, 0x00000000ef600000|  0%| F|  |TAMS 0x00000000ef500000, 0x00000000ef500000| Untracked 
| 246|0x00000000ef600000, 0x00000000ef600000, 0x00000000ef700000|  0%| F|  |TAMS 0x00000000ef600000, 0x00000000ef600000| Untracked 
| 247|0x00000000ef700000, 0x00000000ef700000, 0x00000000ef800000|  0%| F|  |TAMS 0x00000000ef700000, 0x00000000ef700000| Untracked 
| 248|0x00000000ef800000, 0x00000000ef800000, 0x00000000ef900000|  0%| F|  |TAMS 0x00000000ef800000, 0x00000000ef800000| Untracked 
| 249|0x00000000ef900000, 0x00000000ef900000, 0x00000000efa00000|  0%| F|  |TAMS 0x00000000ef900000, 0x00000000ef900000| Untracked 
| 250|0x00000000efa00000, 0x00000000efa63838, 0x00000000efb00000| 38%| E|  |TAMS 0x00000000efa00000, 0x00000000efa00000| Complete 
| 251|0x00000000efb00000, 0x00000000efc00000, 0x00000000efc00000|100%| E|CS|TAMS 0x00000000efb00000, 0x00000000efb00000| Complete 

Card table byte_map: [0x000001c8420a0000,0x000001c8421a0000] _byte_map_base: 0x000001c8419a0000

Marking Bits (Prev, Next): (CMBitMap*) 0x000001c82a74cdc0, (CMBitMap*) 0x000001c82a74cd88
 Prev Bits: [0x000001c842aa0000, 0x000001c8432a0000)
 Next Bits: [0x000001c8422a0000, 0x000001c842aa0000)

Polling page: 0x000001c828530000

Metaspace:

Usage:
  Non-class:     22.25 MB capacity,    21.81 MB ( 98%) used,   366.48 KB (  2%) free+waste,    84.63 KB ( <1%) overhead. 
      Class:      3.19 MB capacity,     2.84 MB ( 89%) used,   309.60 KB (  9%) free+waste,    43.31 KB (  1%) overhead. 
       Both:     25.44 MB capacity,    24.66 MB ( 97%) used,   676.09 KB (  3%) free+waste,   127.94 KB ( <1%) overhead. 

Virtual space:
  Non-class space:       24.00 MB reserved,      22.50 MB ( 94%) committed 
      Class space:        1.00 GB reserved,       3.25 MB ( <1%) committed 
             Both:        1.02 GB reserved,      25.75 MB (  2%) committed 

Chunk freelists:
   Non-Class:  0 bytes
       Class:  256 bytes
        Both:  256 bytes

CodeHeap 'non-profiled nmethods': size=120000Kb used=757Kb max_used=757Kb free=119242Kb
 bounds [0x000001c83a520000, 0x000001c83a790000, 0x000001c841a50000]
CodeHeap 'profiled nmethods': size=120000Kb used=3492Kb max_used=3759Kb free=116507Kb
 bounds [0x000001c832ff0000, 0x000001c8333a0000, 0x000001c83a520000]
CodeHeap 'non-nmethods': size=5760Kb used=1346Kb max_used=1363Kb free=4413Kb
 bounds [0x000001c832a50000, 0x000001c832cc0000, 0x000001c832ff0000]
 total_blobs=3089 nmethods=1861 adapters=583
 compilation: enabled
              stopped_count=0, restarted_count=0
 full_count=0

Compilation events (10 events):
Event: 72.163 Thread 0x000001c8467cd800 2034       4       java.lang.invoke.DirectMethodHandle$Holder::invokeStatic (15 bytes)
Event: 72.164 Thread 0x000001c8467cd800 nmethod 2034 0x000001c83a5dcb10 code [0x000001c83a5dccc0, 0x000001c83a5dcd88]
Event: 95.642 Thread 0x000001c8467cd800 2056       4       java.lang.CharacterDataLatin1::toUpperCaseEx (71 bytes)
Event: 95.643 Thread 0x000001c8467d0800 2057       3       java.util.AbstractList::subListRangeCheck (110 bytes)
Event: 95.643 Thread 0x000001c8467cd800 nmethod 2056 0x000001c83a5dce90 code [0x000001c83a5dd020, 0x000001c83a5dd118]
Event: 95.644 Thread 0x000001c8467d0800 nmethod 2057 0x000001c83303f490 code [0x000001c83303f8c0, 0x000001c8330412b0]
Event: 95.644 Thread 0x000001c8467d0800 2058       3       java.util.ArrayList$SubList::<init> (35 bytes)
Event: 95.644 Thread 0x000001c8467d0800 nmethod 2058 0x000001c83301e510 code [0x000001c83301e6e0, 0x000001c83301e9f8]
Event: 95.644 Thread 0x000001c8467d0800 2059       3       java.util.ArrayList$SubList::toArray (79 bytes)
Event: 95.645 Thread 0x000001c8467d0800 nmethod 2059 0x000001c83301da10 code [0x000001c83301dc20, 0x000001c83301e2f0]

GC Heap History (6 events):
Event: 1.584 GC heap before
{Heap before GC invocations=0 (full 0):
 garbage-first heap   total 258048K, used 24576K [0x00000000e0000000, 0x0000000100000000)
  region size 1024K, 24 young (24576K), 0 survivors (0K)
 Metaspace       used 17446K, capacity 17842K, committed 17920K, reserved 1064960K
  class space    used 1881K, capacity 2024K, committed 2048K, reserved 1048576K
}
Event: 1.591 GC heap after
{Heap after GC invocations=1 (full 0):
 garbage-first heap   total 258048K, used 4358K [0x00000000e0000000, 0x0000000100000000)
  region size 1024K, 3 young (3072K), 3 survivors (3072K)
 Metaspace       used 17446K, capacity 17842K, committed 17920K, reserved 1064960K
  class space    used 1881K, capacity 2024K, committed 2048K, reserved 1048576K
}
Event: 1.819 GC heap before
{Heap before GC invocations=1 (full 0):
 garbage-first heap   total 258048K, used 8454K [0x00000000e0000000, 0x0000000100000000)
  region size 1024K, 8 young (8192K), 3 survivors (3072K)
 Metaspace       used 20672K, capacity 21231K, committed 21248K, reserved 1069056K
  class space    used 2297K, capacity 2544K, committed 2560K, reserved 1048576K
}
Event: 1.826 GC heap after
{Heap after GC invocations=2 (full 0):
 garbage-first heap   total 258048K, used 5238K [0x00000000e0000000, 0x0000000100000000)
  region size 1024K, 4 young (4096K), 4 survivors (4096K)
 Metaspace       used 20672K, capacity 21231K, committed 21248K, reserved 1069056K
  class space    used 2297K, capacity 2544K, committed 2560K, reserved 1048576K
}
Event: 72.125 GC heap before
{Heap before GC invocations=3 (full 0):
 garbage-first heap   total 258048K, used 34934K [0x00000000e0000000, 0x0000000100000000)
  region size 1024K, 12 young (12288K), 4 survivors (4096K)
 Metaspace       used 25119K, capacity 25855K, committed 26112K, reserved 1073152K
  class space    used 2887K, capacity 3217K, committed 3328K, reserved 1048576K
}
Event: 72.130 GC heap after
{Heap after GC invocations=4 (full 0):
 garbage-first heap   total 258048K, used 27704K [0x00000000e0000000, 0x0000000100000000)
  region size 1024K, 2 young (2048K), 2 survivors (2048K)
 Metaspace       used 25119K, capacity 25855K, committed 26112K, reserved 1073152K
  class space    used 2887K, capacity 3217K, committed 3328K, reserved 1048576K
}

Deoptimization events (10 events):
Event: 14.195 Thread 0x000001c84893e800 Uncommon trap: reason=class_check action=maybe_recompile pc=0x000001c83a54ab64 method=java.lang.String.equals(Ljava/lang/Object;)Z @ 8 c2
Event: 14.291 Thread 0x000001c84893e800 Uncommon trap: reason=class_check action=maybe_recompile pc=0x000001c83a54ab64 method=java.lang.String.equals(Ljava/lang/Object;)Z @ 8 c2
Event: 14.838 Thread 0x000001c84893e800 Uncommon trap: reason=class_check action=maybe_recompile pc=0x000001c83a54ab64 method=java.lang.String.equals(Ljava/lang/Object;)Z @ 8 c2
Event: 14.838 Thread 0x000001c84893e800 Uncommon trap: reason=class_check action=maybe_recompile pc=0x000001c83a54ab64 method=java.lang.String.equals(Ljava/lang/Object;)Z @ 8 c2
Event: 50.769 Thread 0x000001c8471f6000 Uncommon trap: reason=class_check action=maybe_recompile pc=0x000001c83a582284 method=java.util.concurrent.ConcurrentHashMap.putVal(Ljava/lang/Object;Ljava/lang/Object;Z)Ljava/lang/Object; @ 159 c2
Event: 50.769 Thread 0x000001c8471f6000 Uncommon trap: reason=class_check action=maybe_recompile pc=0x000001c83a5823bc method=java.util.concurrent.ConcurrentHashMap.putVal(Ljava/lang/Object;Ljava/lang/Object;Z)Ljava/lang/Object; @ 242 c2
Event: 50.771 Thread 0x000001c8471f5800 Uncommon trap: reason=class_check action=maybe_recompile pc=0x000001c83a5823bc method=java.util.concurrent.ConcurrentHashMap.putVal(Ljava/lang/Object;Ljava/lang/Object;Z)Ljava/lang/Object; @ 242 c2
Event: 50.795 Thread 0x000001c84893e800 Uncommon trap: reason=intrinsic_or_type_checked_inlining action=make_not_entrant pc=0x000001c83a5bf2cc method=java.util.Arrays.copyOf([Ljava/lang/Object;ILjava/lang/Class;)[Ljava/lang/Object; @ 35 c2
Event: 72.124 Thread 0x000001c84763c800 Uncommon trap: reason=unstable_if action=reinterpret pc=0x000001c83a5d43ac method=java.lang.invoke.InvokerBytecodeGenerator.loadInsnOpcode(Ljava/lang/invoke/LambdaForm$BasicType;)I @ 8 c2
Event: 72.136 Thread 0x000001c84763c800 Uncommon trap: reason=unstable_if action=reinterpret pc=0x000001c83a5d66e8 method=java.lang.invoke.InvokerBytecodeGenerator.loadInsnOpcode(Ljava/lang/invoke/LambdaForm$BasicType;)I @ 8 c2

Classes redefined (0 events):
No events

Internal exceptions (10 events):
Event: 72.103 Thread 0x000001c84763c800 Exception <a 'java/lang/NoSuchMethodError'{0x00000000ef136c50}: java.lang.invoke.DirectMethodHandle$Holder.invokeSpecial(Ljava/lang/Object;Ljava/lang/Object;IILjava/lang/Object;Ljava/lang/Object;Ljava/lang/Object;Ljava/lang/Object;Ljava/lang/Object;Ljava/
Event: 72.105 Thread 0x000001c84763c800 Exception <a 'java/lang/NoSuchMethodError'{0x00000000ef13a878}: java.lang.invoke.DelegatingMethodHandle$Holder.reinvoke_L(Ljava/lang/Object;IILjava/lang/Object;Ljava/lang/Object;Ljava/lang/Object;Ljava/lang/Object;Ljava/lang/Object;Ljava/lang/Object;)Ljav
Event: 72.110 Thread 0x000001c8471f6000 Exception <a 'java/lang/NoSuchMethodError'{0x00000000ef00bdd8}: java.lang.invoke.DirectMethodHandle$Holder.invokeSpecial(Ljava/lang/Object;Ljava/lang/Object;IIILjava/lang/Object;Ljava/lang/Object;Ljava/lang/Object;)Ljava/lang/Object;> (0x00000000ef00bdd8)
Event: 72.110 Thread 0x000001c8471f6000 Exception <a 'java/lang/NoSuchMethodError'{0x00000000ef00f408}: java.lang.invoke.DelegatingMethodHandle$Holder.reinvoke_L(Ljava/lang/Object;IIILjava/lang/Object;Ljava/lang/Object;Ljava/lang/Object;)Ljava/lang/Object;> (0x00000000ef00f408) thrown at [t:/wo
Event: 72.111 Thread 0x000001c8471f6000 Exception <a 'java/lang/NoSuchMethodError'{0x00000000ef016858}: java.lang.invoke.DirectMethodHandle$Holder.invokeStatic(Ljava/lang/Object;Ljava/lang/Object;Ljava/lang/Object;Ljava/lang/Object;Ljava/lang/Object;I)Ljava/lang/Object;> (0x00000000ef016858) th
Event: 72.114 Thread 0x000001c8471f6000 Exception <a 'java/lang/NoSuchMethodError'{0x00000000ef02c4b8}: java.lang.invoke.DirectMethodHandle$Holder.invokeStatic(Ljava/lang/Object;Ljava/lang/Object;Ljava/lang/Object;Ljava/lang/Object;Ljava/lang/Object;II)Ljava/lang/Object;> (0x00000000ef02c4b8) t
Event: 72.116 Thread 0x000001c8471f6000 Exception <a 'java/lang/NoSuchMethodError'{0x00000000ef0c2ed0}: java.lang.invoke.DirectMethodHandle$Holder.invokeStatic(Ljava/lang/Object;Ljava/lang/Object;Ljava/lang/Object;Ljava/lang/Object;Ljava/lang/Object;IILjava/lang/Object;)Ljava/lang/Object;> (0x0
Event: 72.118 Thread 0x000001c8471f6000 Exception <a 'java/lang/NoSuchMethodError'{0x00000000ef0daea0}: java.lang.invoke.DirectMethodHandle$Holder.invokeStatic(Ljava/lang/Object;Ljava/lang/Object;Ljava/lang/Object;Ljava/lang/Object;Ljava/lang/Object;IILjava/lang/Object;Ljava/lang/Object;)Ljava/
Event: 72.123 Thread 0x000001c84763c800 Exception <a 'java/lang/NoSuchMethodError'{0x00000000ef07df88}: java.lang.invoke.Invokers$Holder.linkToTargetMethod(Ljava/lang/Object;Ljava/lang/Object;Ljava/lang/Object;Ljava/lang/Object;Ljava/lang/Object;Ljava/lang/Object;Ljava/lang/Object;)Ljava/lang/O
Event: 72.123 Thread 0x000001c8471f6000 Exception <a 'java/lang/NoSuchMethodError'{0x00000000ef0f4cf8}: java.lang.invoke.DirectMethodHandle$Holder.invokeStatic(Ljava/lang/Object;Ljava/lang/Object;Ljava/lang/Object;Ljava/lang/Object;Ljava/lang/Object;IILjava/lang/Object;Ljava/lang/Object;Ljava/l

Events (10 events):
Event: 95.644 Thread 0x000001c8467db000 flushing nmethod 0x000001c83302f690
Event: 95.644 Thread 0x000001c8467db000 flushing nmethod 0x000001c83307b110
Event: 95.644 Thread 0x000001c8467db000 flushing nmethod 0x000001c833082290
Event: 95.644 Thread 0x000001c8467db000 flushing nmethod 0x000001c8330a9410
Event: 95.644 Thread 0x000001c8467db000 flushing nmethod 0x000001c8330c4190
Event: 95.644 Thread 0x000001c8467db000 flushing nmethod 0x000001c833118310
Event: 95.644 Thread 0x000001c8467db000 flushing nmethod 0x000001c833178390
Event: 95.644 Thread 0x000001c8467db000 flushing nmethod 0x000001c833192910
Event: 95.644 Thread 0x000001c8467db000 flushing nmethod 0x000001c83319bb90
Event: 95.645 Thread 0x000001c8467db000 flushing nmethod 0x000001c83337e890


Dynamic libraries:
0x00007ff6a6de0000 - 0x00007ff6a6e27000 	C:\Program Files\Java\jdk-11.0.2\bin\java.exe
0x00007ff969d80000 - 0x00007ff969f70000 	C:\WINDOWS\SYSTEM32\ntdll.dll
0x00007ff968990000 - 0x00007ff968a42000 	C:\WINDOWS\System32\KERNEL32.DLL
0x00007ff967990000 - 0x00007ff967c34000 	C:\WINDOWS\System32\KERNELBASE.dll
0x00007ff968520000 - 0x00007ff9685c3000 	C:\WINDOWS\System32\ADVAPI32.dll
0x00007ff967e30000 - 0x00007ff967ece000 	C:\WINDOWS\System32\msvcrt.dll
0x00007ff967f50000 - 0x00007ff967fe7000 	C:\WINDOWS\System32\sechost.dll
0x00007ff969220000 - 0x00007ff969340000 	C:\WINDOWS\System32\RPCRT4.dll
0x00007ff968380000 - 0x00007ff968514000 	C:\WINDOWS\System32\USER32.dll
0x00007ff967040000 - 0x00007ff967061000 	C:\WINDOWS\System32\win32u.dll
0x00007ff968260000 - 0x00007ff968286000 	C:\WINDOWS\System32\GDI32.dll
0x00007ff966ea0000 - 0x00007ff967036000 	C:\WINDOWS\System32\gdi32full.dll
0x00007ff967c40000 - 0x00007ff967cde000 	C:\WINDOWS\System32\msvcp_win.dll
0x00007ff967800000 - 0x00007ff9678fa000 	C:\WINDOWS\System32\ucrtbase.dll
0x00007ff94c5d0000 - 0x00007ff94c854000 	C:\WINDOWS\WinSxS\amd64_microsoft.windows.common-controls_6595b64144ccf1df_6.0.18362.959_none_e6c7bbbf130c62bb\COMCTL32.dll
0x00007ff95e680000 - 0x00007ff95e68a000 	C:\WINDOWS\SYSTEM32\VERSION.dll
0x00007ff9685d0000 - 0x00007ff968905000 	C:\WINDOWS\System32\combase.dll
0x00007ff966e20000 - 0x00007ff966ea0000 	C:\WINDOWS\System32\bcryptPrimitives.dll
0x00007ff9691f0000 - 0x00007ff96921e000 	C:\WINDOWS\System32\IMM32.DLL
0x00007ff94bbf0000 - 0x00007ff94bc06000 	C:\Program Files\Java\jdk-11.0.2\bin\vcruntime140.dll
0x00007ff9159a0000 - 0x00007ff915a4a000 	C:\Program Files\Java\jdk-11.0.2\bin\msvcp140.dll
0x00007ff901550000 - 0x00007ff902077000 	C:\Program Files\Java\jdk-11.0.2\bin\server\jvm.dll
0x00007ff9680a0000 - 0x00007ff9680a8000 	C:\WINDOWS\System32\PSAPI.DLL
0x00007ff948680000 - 0x00007ff948689000 	C:\WINDOWS\SYSTEM32\WSOCK32.dll
0x00007ff9631e0000 - 0x00007ff963204000 	C:\WINDOWS\SYSTEM32\WINMM.dll
0x00007ff968920000 - 0x00007ff96898f000 	C:\WINDOWS\System32\WS2_32.dll
0x00007ff9631b0000 - 0x00007ff9631dd000 	C:\WINDOWS\SYSTEM32\winmmbase.dll
0x00007ff966db0000 - 0x00007ff966dfa000 	C:\WINDOWS\System32\cfgmgr32.dll
0x00007ff966c90000 - 0x00007ff966ca1000 	C:\WINDOWS\System32\kernel.appcore.dll
0x00007ff94b8e0000 - 0x00007ff94b8f1000 	C:\Program Files\Java\jdk-11.0.2\bin\verify.dll
0x00007ff965620000 - 0x00007ff965814000 	C:\WINDOWS\SYSTEM32\DBGHELP.DLL
0x00007ff944b30000 - 0x00007ff944b5a000 	C:\WINDOWS\SYSTEM32\dbgcore.DLL
0x00007ff94b8b0000 - 0x00007ff94b8d9000 	C:\Program Files\Java\jdk-11.0.2\bin\java.dll
0x00007ff931810000 - 0x00007ff931847000 	C:\Program Files\Java\jdk-11.0.2\bin\jdwp.dll
0x00007ff94b5b0000 - 0x00007ff94b5c6000 	C:\Program Files\Java\jdk-11.0.2\bin\zip.dll
0x00007ff9610a0000 - 0x00007ff9610aa000 	C:\Program Files\Java\jdk-11.0.2\bin\jimage.dll
0x00007ff968b00000 - 0x00007ff9691e6000 	C:\WINDOWS\System32\SHELL32.dll
0x00007ff967ff0000 - 0x00007ff968099000 	C:\WINDOWS\System32\shcore.dll
0x00007ff967070000 - 0x00007ff9677f2000 	C:\WINDOWS\System32\windows.storage.dll
0x00007ff966cd0000 - 0x00007ff966cf3000 	C:\WINDOWS\System32\profapi.dll
0x00007ff966c40000 - 0x00007ff966c8a000 	C:\WINDOWS\System32\powrprof.dll
0x00007ff966c30000 - 0x00007ff966c40000 	C:\WINDOWS\System32\UMPDC.dll
0x00007ff9681f0000 - 0x00007ff968242000 	C:\WINDOWS\System32\shlwapi.dll
0x00007ff966e00000 - 0x00007ff966e17000 	C:\WINDOWS\System32\cryptsp.dll
0x00007ff940fa0000 - 0x00007ff940faa000 	C:\Program Files\Java\jdk-11.0.2\bin\dt_socket.dll
0x00007ff9664a0000 - 0x00007ff966507000 	C:\WINDOWS\System32\mswsock.dll
0x00007ff9661f0000 - 0x00007ff9662bb000 	C:\WINDOWS\SYSTEM32\DNSAPI.dll
0x00007ff968250000 - 0x00007ff968258000 	C:\WINDOWS\System32\NSI.dll
0x00007ff9661b0000 - 0x00007ff9661ea000 	C:\WINDOWS\SYSTEM32\IPHLPAPI.DLL
0x00007ff95ad00000 - 0x00007ff95ad77000 	C:\WINDOWS\System32\fwpuclnt.dll
0x00007ff967960000 - 0x00007ff967986000 	C:\WINDOWS\System32\bcrypt.dll
0x00007ff95fac0000 - 0x00007ff95faca000 	C:\Windows\System32\rasadhlp.dll
0x00007ff930a30000 - 0x00007ff930a49000 	C:\Program Files\Java\jdk-11.0.2\bin\net.dll
0x00007ff962320000 - 0x00007ff962410000 	C:\WINDOWS\SYSTEM32\WINHTTP.dll
0x00007ff944b60000 - 0x00007ff944d36000 	C:\WINDOWS\SYSTEM32\urlmon.dll
0x00007ff94e610000 - 0x00007ff94e8b6000 	C:\WINDOWS\SYSTEM32\iertutil.dll
0x00007ff966670000 - 0x00007ff96667c000 	C:\WINDOWS\SYSTEM32\CRYPTBASE.DLL
0x00007ff9308d0000 - 0x00007ff9308e3000 	C:\Program Files\Java\jdk-11.0.2\bin\nio.dll
0x00007ff966010000 - 0x00007ff966043000 	C:\WINDOWS\system32\rsaenh.dll
0x00007ff966b50000 - 0x00007ff966b75000 	C:\WINDOWS\SYSTEM32\USERENV.dll
0x00007ff960090000 - 0x00007ff9600a6000 	C:\WINDOWS\SYSTEM32\dhcpcsvc6.DLL
0x00007ff95fad0000 - 0x00007ff95faec000 	C:\WINDOWS\SYSTEM32\dhcpcsvc.DLL
0x00007ff938930000 - 0x00007ff938939000 	C:\Program Files\Java\jdk-11.0.2\bin\management.dll
0x00007ff936530000 - 0x00007ff93653c000 	C:\Program Files\Java\jdk-11.0.2\bin\management_ext.dll
0x0000000067780000 - 0x0000000067856000 	C:\Users\Daglemino\AppData\Local\Temp\sqlite-3.32.3-f3cdc010-9ed3-4437-929a-0a7f272e3c45-sqlitejdbc.dll
0x00007ff904c60000 - 0x00007ff904dff000 	C:\Program Files\Java\jdk-11.0.2\bin\awt.dll
0x00007ff969340000 - 0x00007ff969405000 	C:\WINDOWS\System32\OLEAUT32.dll
0x00007ff962530000 - 0x00007ff962af0000 	C:\WINDOWS\SYSTEM32\d2d1.dll
0x00007ff964020000 - 0x00007ff9640af000 	C:\WINDOWS\SYSTEM32\apphelp.dll
0x00007ff965100000 - 0x00007ff96512d000 	C:\WINDOWS\system32\DWMAPI.DLL
0x00007ff964a60000 - 0x00007ff964af9000 	C:\WINDOWS\system32\uxtheme.dll
0x00007ff92bf90000 - 0x00007ff92c0e6000 	C:\WINDOWS\system32\opengl32.dll
0x00007ff92ceb0000 - 0x00007ff92cedc000 	C:\WINDOWS\SYSTEM32\GLU32.dll
0x00007ff9658a0000 - 0x00007ff9658c0000 	C:\WINDOWS\SYSTEM32\dxcore.dll
0x00007ff9680b0000 - 0x00007ff9681e5000 	C:\WINDOWS\System32\MSCTF.dll
0x00007ff969be0000 - 0x00007ff969d37000 	C:\WINDOWS\System32\ole32.dll
0x00007ff915920000 - 0x00007ff9159a0000 	C:\Program Files\Java\jdk-11.0.2\bin\freetype.dll
0x00007ff9158b0000 - 0x00007ff91591f000 	C:\Program Files\Java\jdk-11.0.2\bin\fontmanager.dll
0x00007ff968a50000 - 0x00007ff968af2000 	C:\WINDOWS\System32\clbcatq.dll
0x00007ff95fe40000 - 0x00007ff95ffef000 	C:\WINDOWS\SYSTEM32\WindowsCodecs.dll
0x00007ff931180000 - 0x00007ff9311ba000 	C:\WINDOWS\system32\dataexchange.dll
0x00007ff962f50000 - 0x00007ff9631ab000 	C:\WINDOWS\system32\d3d11.dll
0x00007ff963210000 - 0x00007ff9633ed000 	C:\WINDOWS\system32\dcomp.dll
0x00007ff965930000 - 0x00007ff965a1b000 	C:\WINDOWS\system32\dxgi.dll
0x00007ff964bd0000 - 0x00007ff964e32000 	C:\WINDOWS\system32\twinapi.appcore.dll
0x00007ff965010000 - 0x00007ff965039000 	C:\WINDOWS\system32\RMCLIENT.dll
0x00007ff9503f0000 - 0x00007ff950455000 	C:\WINDOWS\system32\Oleacc.dll
0x00007ff935f10000 - 0x00007ff935fae000 	C:\WINDOWS\System32\TextInputFramework.dll
0x00007ff960510000 - 0x00007ff96083a000 	C:\WINDOWS\System32\CoreUIComponents.dll
0x00007ff9633f0000 - 0x00007ff9634c4000 	C:\WINDOWS\System32\CoreMessaging.dll
0x00007ff965c90000 - 0x00007ff965cc1000 	C:\WINDOWS\SYSTEM32\ntmarta.dll
0x00007ff963a80000 - 0x00007ff963bd3000 	C:\WINDOWS\SYSTEM32\wintypes.dll

dbghelp: loaded successfully - version: 4.0.5 - missing functions: none
symbol engine: initialized successfully - sym options: 0x614 - pdb path: .;C:\Program Files\Java\jdk-11.0.2\bin;C:\WINDOWS\SYSTEM32;C:\WINDOWS\WinSxS\amd64_microsoft.windows.common-controls_6595b64144ccf1df_6.0.18362.959_none_e6c7bbbf130c62bb;C:\Program Files\Java\jdk-11.0.2\bin\server;C:\Users\Daglemino\AppData\Local\Temp

VM Arguments:
jvm_args: -Dorg.gradle.native=false -agentlib:jdwp=transport=dt_socket,server=n,suspend=y,address=53004 -Xmx512m -Dfile.encoding=windows-1252 -Duser.country=AT -Duser.language=de -Duser.variant -ea 
java_command: worker.org.gradle.process.internal.worker.GradleWorkerMain 'Gradle Test Executor 1'
java_class_path (initial): C:\\Users\\Daglemino\\.gradle\\caches\\5.6.2\\workerMain\\gradle-worker.jar;D:\\development\\java\\studium\\arachni\\build\\classes\\java\\test;D:\\development\\java\\studium\\arachni\\build\\resources\\test;D:\\development\\java\\studium\\arachni\\build\\classes\\java\\main;D:\\development\\java\\studium\\arachni\\build\\resources\\main;D:\\development\\java\\studium\\arachni\\libs\\ojdbc7-12.1.0.2.jar;C:\\Users\\Daglemino\\.gradle\\caches\\modules-2\\files-2.1\\org.jetbrains\\annotations\\16.0.2\\dab5655eb9abe23f2245c34e66c9813c7daf4563\\annotations-16.0.2.jar;C:\\Users\\Daglemino\\.gradle\\caches\\modules-2\\files-2.1\\org.xerial\\sqlite-jdbc\\3.32.3\\f5bb7e05af8ca3b8d370915080abeb949beacbaf\\sqlite-jdbc-3.32.3.jar;C:\\Users\\Daglemino\\.gradle\\caches\\modules-2\\files-2.1\\org.json\\json\\20171018\\36ced462c97f0845b4a7b266a25cebe95d18baa3\\json-20171018.jar;C:\\Users\\Daglemino\\.gradle\\caches\\modules-2\\files-2.1\\junit\\junit\\4.12\\2973d150c0dc1fefe998f834810d68f278ea58ec\\junit-4.12.jar;C:\\Users\\Daglemino\\.gradle\\caches\\modules-2\\files-2.1\\org.hamcrest\\hamcrest-core\\1.3\\42a25dc3219429f0e5d060061f71acb49bf010a0\\hamcrest-core-1.3.jar
Launcher Type: SUN_STANDARD

[Global flags]
     intx CICompilerCount                          = 4                                         {product} {ergonomic}
     uint ConcGCThreads                            = 3                                         {product} {ergonomic}
     uint G1ConcRefinementThreads                  = 10                                        {product} {ergonomic}
   size_t G1HeapRegionSize                         = 1048576                                   {product} {ergonomic}
    uintx GCDrainStackTargetSize                   = 64                                        {product} {ergonomic}
   size_t InitialHeapSize                          = 264241152                                 {product} {ergonomic}
   size_t MarkStackSize                            = 4194304                                   {product} {ergonomic}
   size_t MaxHeapSize                              = 536870912                                 {product} {command line}
   size_t MaxNewSize                               = 321912832                                 {product} {ergonomic}
   size_t MinHeapDeltaBytes                        = 1048576                                   {product} {ergonomic}
    uintx NonNMethodCodeHeapSize                   = 5835340                                {pd product} {ergonomic}
    uintx NonProfiledCodeHeapSize                  = 122911450                              {pd product} {ergonomic}
    uintx ProfiledCodeHeapSize                     = 122911450                              {pd product} {ergonomic}
    uintx ReservedCodeCacheSize                    = 251658240                              {pd product} {ergonomic}
     bool SegmentedCodeCache                       = true                                      {product} {ergonomic}
     bool UseCompressedClassPointers               = true                                 {lp64_product} {ergonomic}
     bool UseCompressedOops                        = true                                 {lp64_product} {ergonomic}
     bool UseG1GC                                  = true                                      {product} {ergonomic}
     bool UseLargePagesIndividualAllocation        = false                                  {pd product} {ergonomic}

Logging:
Log output configuration:
 #0: stdout all=warning uptime,level,tags
 #1: stderr all=off uptime,level,tags

Environment Variables:
JAVA_HOME=C:\Program Files\Java\jdk-12.0.2
PATH=C:\Program Files (x86)\Common Files\Oracle\Java\javapath;C:\windows\system32;C:\windows;C:\windows\System32\Wbem;C:\windows\System32\WindowsPowerShell\v1.0\;C:\windows\System32\OpenSSH\;C:\Program Files (x86)\NVIDIA Corporation\PhysX\Common;D:\development\version control\Git\cmd;D:\Software\posgres\pg11\bin;C:\Program Files\Intel\WiFi\bin\;C:\Program Files\Common Files\Intel\WirelessCommon\;C:\Program Files (x86)\Windows Kits\10\Windows Performance Toolkit\;C:\Program Files\Java\jdk-12.0.2\lib;C:\WINDOWS\system32;C:\WINDOWS;C:\WINDOWS\System32\Wbem;C:\WINDOWS\System32\WindowsPowerShell\v1.0\;C:\WINDOWS\System32\OpenSSH\;;C:\Program Files (x86)\Gpg4win\..\GnuPG\bin;C:\Program Files\PuTTY\;C:\Program Files\NVIDIA Corporation\NVIDIA NvDLISR;C:\Users\Daglemino\AppData\Local\Microsoft\WindowsApps
USERNAME=Daglemino
OS=Windows_NT
PROCESSOR_IDENTIFIER=Intel64 Family 6 Model 158 Stepping 10, GenuineIntel



---------------  S Y S T E M  ---------------

OS: Windows 10 , 64 bit Build 18362 (10.0.18362.959)

CPU:total 12 (initial active 12) (6 cores per cpu, 2 threads per core) family 6 model 158 stepping 10, cmov, cx8, fxsr, mmx, sse, sse2, sse3, ssse3, sse4.1, sse4.2, popcnt, avx, avx2, aes, clmul, erms, 3dnowpref, lzcnt, ht, tsc, tscinvbit, bmi1, bmi2, adx, fma

Memory: 4k page, system-wide physical 16086M (5784M free)
TotalPageFile size 24790M (AvailPageFile size 7135M)
current process WorkingSet (physical memory assigned to process): 142M, peak: 148M
current process commit charge ("private bytes"): 382M, peak: 392M

vm_info: Java HotSpot(TM) 64-Bit Server VM (11.0.2+9-LTS) for windows-amd64 JRE (11.0.2+9-LTS), built on Jan 18 2019 05:24:10 by "mach5one" with MS VC++ 15.5 (VS2017)

END.
